<?xml version="1.0" encoding="UTF-8"?>
<!-- Generated by org.testng.reporters.JUnitReportReporter -->
<testsuite hostname="DESKTOP-0ILH338" failures="0" tests="5" name="MyFirstTest" time="15.046" errors="0" timestamp="2024-08-17T19:39:26 EET" skipped="4">
  <testcase classname="MyFirstTest" name="Women" time="15.046"/>
  <system-out/>
  <testcase classname="MyFirstTest" name="Logout">
    <skipped/>
  </testcase> <!-- Logout -->
  <system-out/>
  <testcase classname="MyFirstTest" name="LoginTest">
    <skipped/>
  </testcase> <!-- LoginTest -->
  <system-out/>
  <testcase classname="MyFirstTest" name="CreateAnAccount">
    <skipped/>
  </testcase> <!-- CreateAnAccount -->
  <system-out/>
  <testcase classname="MyFirstTest" name="Men">
    <skipped/>
  </testcase> <!-- Men -->
  <system-out/>
</testsuite> <!-- MyFirstTest -->
